android/app/build/intermediates/manifest_merge_blame_file/release/manifest-merger-blame-release-report.txt
1<?xml version="1.0" encoding="utf-8"?>
2<manifest xmlns:android="http://schemas.android.com/apk/res/android"
3    package="br.com.masfe.rnbluetoothdatecsprinter"
4    android:versionCode="1"
5    android:versionName="1.0" >
6
7    <uses-sdk
8        android:minSdkVersion="21"
9        android:targetSdkVersion="34" />
10
11    <uses-permission android:name="android.permission.INTERNET" />
11-->src\main\AndroidManifest.xml:3:5-67
11-->src\main\AndroidManifest.xml:3:22-64
12    <uses-permission android:name="android.permission.BLUETOOTH_ADMIN" />
12-->src\main\AndroidManifest.xml:4:5-74
12-->src\main\AndroidManifest.xml:4:22-71
13    <uses-permission android:name="android.permission.BLUETOOTH" />
13-->src\main\AndroidManifest.xml:5:5-68
13-->src\main\AndroidManifest.xml:5:22-65
14    <uses-permission android:name="android.permission.ACCESS_COARSE_LOCATION" />
14-->src\main\AndroidManifest.xml:6:5-80
14-->src\main\AndroidManifest.xml:6:22-78
15    <uses-permission android:name="android.permission.ACCESS_FINE_LOCATION" />
15-->src\main\AndroidManifest.xml:7:5-78
15-->src\main\AndroidManifest.xml:7:22-76
16
17    <permission
17-->[androidx.core:core:1.9.0] AndroidManifest.xml:22:5-24:47
18        android:name="br.com.masfe.rnbluetoothdatecsprinter.DYNAMIC_RECEIVER_NOT_EXPORTED_PERMISSION"
18-->[androidx.core:core:1.9.0] AndroidManifest.xml:23:9-81
19        android:protectionLevel="signature" />
19-->[androidx.core:core:1.9.0] AndroidManifest.xml:24:9-44
20
21    <uses-permission android:name="br.com.masfe.rnbluetoothdatecsprinter.DYNAMIC_RECEIVER_NOT_EXPORTED_PERMISSION" />
21-->[androidx.core:core:1.9.0] AndroidManifest.xml:26:5-97
21-->[androidx.core:core:1.9.0] AndroidManifest.xml:26:22-94
22
23    <application
24        android:appComponentFactory="androidx.core.app.CoreComponentFactory"
24-->[androidx.core:core:1.9.0] AndroidManifest.xml:28:18-86
25        android:extractNativeLibs="true" >
26        <provider
26-->[androidx.emoji2:emoji2:1.2.0] AndroidManifest.xml:24:9-32:20
27            android:name="androidx.startup.InitializationProvider"
27-->[androidx.emoji2:emoji2:1.2.0] AndroidManifest.xml:25:13-67
28            android:authorities="br.com.masfe.rnbluetoothdatecsprinter.androidx-startup"
28-->[androidx.emoji2:emoji2:1.2.0] AndroidManifest.xml:26:13-68
29            android:exported="false" >
29-->[androidx.emoji2:emoji2:1.2.0] AndroidManifest.xml:27:13-37
30            <meta-data
30-->[androidx.emoji2:emoji2:1.2.0] AndroidManifest.xml:29:13-31:52
31                android:name="androidx.emoji2.text.EmojiCompatInitializer"
31-->[androidx.emoji2:emoji2:1.2.0] AndroidManifest.xml:30:17-75
32                android:value="androidx.startup" />
32-->[androidx.emoji2:emoji2:1.2.0] AndroidManifest.xml:31:17-49
33            <meta-data
33-->[androidx.lifecycle:lifecycle-process:2.4.1] AndroidManifest.xml:31:13-33:52
34                android:name="androidx.lifecycle.ProcessLifecycleInitializer"
34-->[androidx.lifecycle:lifecycle-process:2.4.1] AndroidManifest.xml:32:17-78
35                android:value="androidx.startup" />
35-->[androidx.lifecycle:lifecycle-process:2.4.1] AndroidManifest.xml:33:17-49
36        </provider>
37
38        <meta-data
38-->[com.facebook.soloader:soloader:0.10.5] AndroidManifest.xml:12:9-14:37
39            android:name="com.facebook.soloader.enabled"
39-->[com.facebook.soloader:soloader:0.10.5] AndroidManifest.xml:13:13-57
40            android:value="false" />
40-->[com.facebook.soloader:soloader:0.10.5] AndroidManifest.xml:14:13-34
41    </application>
42
43</manifest>